[66155:259:1129/112705.677596:WARNING:chrome_main_delegate.cc(672)] This is Chrome version 131.0.6778.86 (not a warning)
[66155:259:1129/112705.965053:INFO:chrome_browser_cloud_management_controller.cc(196)] No machine level policy manager exists.
[66161:259:1129/112706.078215:WARNING:viz_main_impl.cc(85)] VizNullHypothesis is disabled (not a warning)
[66155:259:1129/112707.847927:INFO:CONSOLE(1)] "[bugsnag] Loaded!", source: https://cdn.kit.com/packs/js/vendor~pages-e73ec44172d75bb253c0.chunk.js?app (1)
[66155:259:1129/112708.488788:INFO:CONSOLE(1)] "[Intercom] Launcher is disabled in settings or current page does not match display conditions", source: https://js.intercomcdn.com/frame-modern.bebf21ff.js (1)
[66155:34819:1129/112712.642189:ERROR:registration_request.cc(291)] Registration response error message: DEPRECATED_ENDPOINT
[66155:259:1129/112714.450735:INFO:CONSOLE(1)] "[bugsnag] Loaded!", source: https://cdn.kit.com/packs/js/vendor~pages-e73ec44172d75bb253c0.chunk.js?app (1)
[66155:259:1129/112714.680761:INFO:CONSOLE(1)] "[Intercom] Launcher is disabled in settings or current page does not match display conditions", source: https://js.intercomcdn.com/frame-modern.bebf21ff.js (1)
[66155:259:1129/112715.383317:INFO:CONSOLE(1)] "%ccb:commandbar:error %cError loading config%c +0ms color: #66CC33 color: inherit color: #66CC33 [object Object]", source: https://cdn.kit.com/packs/js/vendor~pages-e73ec44172d75bb253c0.chunk.js?app (1)
[66162:12291:1129/112715.417084:WARNING:spdy_session.cc(2975)] Received HEADERS for invalid stream 5
[66155:259:1129/112715.426764:INFO:CONSOLE(1)] "[bugsnag] Loaded!", source: https://cdn.kit.com/packs/js/vendor~pages-e73ec44172d75bb253c0.chunk.js?app (1)
[66155:259:1129/112715.653203:INFO:CONSOLE(1)] "[Intercom] Launcher is disabled in settings or current page does not match display conditions", source: https://js.intercomcdn.com/frame-modern.bebf21ff.js (1)
[66155:259:1129/112726.452272:INFO:CONSOLE(1)] "[bugsnag] Loaded!", source: https://cdn.kit.com/packs/js/vendor~pages-e73ec44172d75bb253c0.chunk.js?app (1)
[66155:259:1129/112726.676765:INFO:CONSOLE(1)] "[Intercom] Launcher is disabled in settings or current page does not match display conditions", source: https://js.intercomcdn.com/frame-modern.bebf21ff.js (1)
[66155:259:1129/112732.302133:INFO:CONSOLE(1)] "[bugsnag] Loaded!", source: https://cdn.kit.com/packs/js/vendor~pages-e73ec44172d75bb253c0.chunk.js?app (1)
[66155:259:1129/112732.488798:INFO:CONSOLE(1)] "[Intercom] Launcher is disabled in settings or current page does not match display conditions", source: https://js.intercomcdn.com/frame-modern.bebf21ff.js (1)
[66155:34819:1129/112734.532696:ERROR:registration_request.cc(291)] Registration response error message: DEPRECATED_ENDPOINT
[66155:259:1129/112738.525761:INFO:CONSOLE(1)] "[bugsnag] Loaded!", source: https://cdn.kit.com/packs/js/vendor~pages-e73ec44172d75bb253c0.chunk.js?app (1)
[66155:259:1129/112738.745506:INFO:CONSOLE(1)] "[Intercom] Launcher is disabled in settings or current page does not match display conditions", source: https://js.intercomcdn.com/frame-modern.bebf21ff.js (1)
[66155:259:1129/112745.261242:INFO:CONSOLE(1)] "[bugsnag] Loaded!", source: https://cdn.kit.com/packs/js/vendor~pages-e73ec44172d75bb253c0.chunk.js?app (1)
[66155:259:1129/112745.471871:INFO:CONSOLE(1)] "[Intercom] Launcher is disabled in settings or current page does not match display conditions", source: https://js.intercomcdn.com/frame-modern.bebf21ff.js (1)
[66155:259:1129/112752.262956:INFO:CONSOLE(1)] "[bugsnag] Loaded!", source: https://cdn.kit.com/packs/js/vendor~pages-e73ec44172d75bb253c0.chunk.js?app (1)
[66155:259:1129/112752.298120:INFO:CONSOLE(1)] "[Intercom] Launcher is disabled in settings or current page does not match display conditions", source: https://js.intercomcdn.com/frame-modern.bebf21ff.js (1)
[66155:259:1129/112758.647962:INFO:CONSOLE(1)] "[bugsnag] Loaded!", source: https://cdn.kit.com/packs/js/vendor~pages-e73ec44172d75bb253c0.chunk.js?app (1)
[66155:259:1129/112758.849445:INFO:CONSOLE(1)] "[Intercom] Launcher is disabled in settings or current page does not match display conditions", source: https://js.intercomcdn.com/frame-modern.bebf21ff.js (1)
[66155:259:1129/112805.572395:INFO:CONSOLE(1)] "[bugsnag] Loaded!", source: https://cdn.kit.com/packs/js/vendor~pages-e73ec44172d75bb253c0.chunk.js?app (1)
[66155:259:1129/112805.753096:INFO:CONSOLE(1)] "[Intercom] Launcher is disabled in settings or current page does not match display conditions", source: https://js.intercomcdn.com/frame-modern.bebf21ff.js (1)
[66155:259:1129/112812.254581:INFO:CONSOLE(1)] "[bugsnag] Loaded!", source: https://cdn.kit.com/packs/js/vendor~pages-e73ec44172d75bb253c0.chunk.js?app (1)
[66155:259:1129/112812.455431:INFO:CONSOLE(1)] "[Intercom] Launcher is disabled in settings or current page does not match display conditions", source: https://js.intercomcdn.com/frame-modern.bebf21ff.js (1)
[66155:259:1129/112819.200341:INFO:CONSOLE(1)] "[bugsnag] Loaded!", source: https://cdn.kit.com/packs/js/vendor~pages-e73ec44172d75bb253c0.chunk.js?app (1)
[66155:259:1129/112819.384373:INFO:CONSOLE(1)] "[Intercom] Launcher is disabled in settings or current page does not match display conditions", source: https://js.intercomcdn.com/frame-modern.bebf21ff.js (1)
[66155:34819:1129/112821.589506:ERROR:registration_request.cc(291)] Registration response error message: DEPRECATED_ENDPOINT
[66155:259:1129/112826.366002:INFO:CONSOLE(1)] "[bugsnag] Loaded!", source: https://cdn.kit.com/packs/js/vendor~pages-e73ec44172d75bb253c0.chunk.js?app (1)
[66155:259:1129/112826.542582:INFO:CONSOLE(1)] "[Intercom] Launcher is disabled in settings or current page does not match display conditions", source: https://js.intercomcdn.com/frame-modern.bebf21ff.js (1)
[66155:259:1129/112834.511976:INFO:CONSOLE(1)] "[bugsnag] Loaded!", source: https://cdn.kit.com/packs/js/vendor~pages-e73ec44172d75bb253c0.chunk.js?app (1)
[66155:259:1129/112834.540849:INFO:CONSOLE(1)] "[Intercom] Launcher is disabled in settings or current page does not match display conditions", source: https://js.intercomcdn.com/frame-modern.bebf21ff.js (1)
[66155:259:1129/112841.344775:INFO:CONSOLE(1)] "[bugsnag] Loaded!", source: https://cdn.kit.com/packs/js/vendor~pages-e73ec44172d75bb253c0.chunk.js?app (1)
[66155:259:1129/112841.584668:INFO:CONSOLE(1)] "[Intercom] Launcher is disabled in settings or current page does not match display conditions", source: https://js.intercomcdn.com/frame-modern.bebf21ff.js (1)
[66155:259:1129/112848.474002:INFO:CONSOLE(1)] "[bugsnag] Loaded!", source: https://cdn.kit.com/packs/js/vendor~pages-e73ec44172d75bb253c0.chunk.js?app (1)
[66155:259:1129/112848.653735:INFO:CONSOLE(1)] "[Intercom] Launcher is disabled in settings or current page does not match display conditions", source: https://js.intercomcdn.com/frame-modern.bebf21ff.js (1)
[66155:259:1129/112855.460628:INFO:CONSOLE(1)] "[bugsnag] Loaded!", source: https://cdn.kit.com/packs/js/vendor~pages-e73ec44172d75bb253c0.chunk.js?app (1)
[66155:259:1129/112855.761137:INFO:CONSOLE(1)] "[Intercom] Launcher is disabled in settings or current page does not match display conditions", source: https://js.intercomcdn.com/frame-modern.bebf21ff.js (1)
[66155:259:1129/112902.002416:INFO:CONSOLE(1)] "[bugsnag] Loaded!", source: https://cdn.kit.com/packs/js/vendor~pages-e73ec44172d75bb253c0.chunk.js?app (1)
[66155:259:1129/112902.237750:INFO:CONSOLE(1)] "[Intercom] Launcher is disabled in settings or current page does not match display conditions", source: https://js.intercomcdn.com/frame-modern.bebf21ff.js (1)
[66155:259:1129/112908.669143:INFO:CONSOLE(1)] "[bugsnag] Loaded!", source: https://cdn.kit.com/packs/js/vendor~pages-e73ec44172d75bb253c0.chunk.js?app (1)
[66155:259:1129/112908.904417:INFO:CONSOLE(1)] "[Intercom] Launcher is disabled in settings or current page does not match display conditions", source: https://js.intercomcdn.com/frame-modern.bebf21ff.js (1)
[66155:259:1129/112914.709071:INFO:CONSOLE(1)] "[bugsnag] Loaded!", source: https://cdn.kit.com/packs/js/vendor~pages-e73ec44172d75bb253c0.chunk.js?app (1)
[66155:259:1129/112914.933235:INFO:CONSOLE(1)] "[Intercom] Launcher is disabled in settings or current page does not match display conditions", source: https://js.intercomcdn.com/frame-modern.bebf21ff.js (1)
[66155:259:1129/112920.906822:INFO:CONSOLE(1)] "[bugsnag] Loaded!", source: https://cdn.kit.com/packs/js/vendor~pages-e73ec44172d75bb253c0.chunk.js?app (1)
[66155:259:1129/112921.156461:INFO:CONSOLE(1)] "[Intercom] Launcher is disabled in settings or current page does not match display conditions", source: https://js.intercomcdn.com/frame-modern.bebf21ff.js (1)
[66155:259:1129/112928.635442:INFO:CONSOLE(1)] "[bugsnag] Loaded!", source: https://cdn.kit.com/packs/js/vendor~pages-e73ec44172d75bb253c0.chunk.js?app (1)
[66155:259:1129/112928.844685:INFO:CONSOLE(1)] "[Intercom] Launcher is disabled in settings or current page does not match display conditions", source: https://js.intercomcdn.com/frame-modern.bebf21ff.js (1)
[66155:259:1129/112939.732530:INFO:CONSOLE(1)] "[Intercom] Launcher is disabled in settings or current page does not match display conditions", source: https://js.intercomcdn.com/frame-modern.bebf21ff.js (1)
[66155:259:1129/112939.797777:INFO:CONSOLE(1)] "[bugsnag] Loaded!", source: https://cdn.kit.com/packs/js/vendor~pages-e73ec44172d75bb253c0.chunk.js?app (1)
[66155:34819:1129/112945.201709:ERROR:registration_request.cc(291)] Registration response error message: DEPRECATED_ENDPOINT
[66155:259:1129/112949.081422:INFO:CONSOLE(1)] "[bugsnag] Loaded!", source: https://cdn.kit.com/packs/js/vendor~pages-e73ec44172d75bb253c0.chunk.js?app (1)
[66155:259:1129/112949.332986:INFO:CONSOLE(1)] "[Intercom] Launcher is disabled in settings or current page does not match display conditions", source: https://js.intercomcdn.com/frame-modern.bebf21ff.js (1)
[66155:259:1129/112955.754884:INFO:CONSOLE(1)] "[bugsnag] Loaded!", source: https://cdn.kit.com/packs/js/vendor~pages-e73ec44172d75bb253c0.chunk.js?app (1)
[66155:259:1129/112955.915063:INFO:CONSOLE(1)] "[Intercom] Launcher is disabled in settings or current page does not match display conditions", source: https://js.intercomcdn.com/frame-modern.bebf21ff.js (1)
[66155:259:1129/113002.613643:INFO:CONSOLE(1)] "[bugsnag] Loaded!", source: https://cdn.kit.com/packs/js/vendor~pages-e73ec44172d75bb253c0.chunk.js?app (1)
[66155:259:1129/113002.915487:INFO:CONSOLE(1)] "[Intercom] Launcher is disabled in settings or current page does not match display conditions", source: https://js.intercomcdn.com/frame-modern.bebf21ff.js (1)
[66155:259:1129/113009.257171:INFO:CONSOLE(1)] "[bugsnag] Loaded!", source: https://cdn.kit.com/packs/js/vendor~pages-e73ec44172d75bb253c0.chunk.js?app (1)
[66155:259:1129/113009.412015:INFO:CONSOLE(1)] "[Intercom] Launcher is disabled in settings or current page does not match display conditions", source: https://js.intercomcdn.com/frame-modern.bebf21ff.js (1)
[66155:34819:1129/113235.691872:ERROR:registration_request.cc(291)] Registration response error message: DEPRECATED_ENDPOINT
[66155:34819:1129/114031.339347:ERROR:registration_request.cc(291)] Registration response error message: DEPRECATED_ENDPOINT
